<?xml version="1.0" encoding="UTF-8"?>
<!-- Generated by org.testng.reporters.JUnitReportReporter -->
<testsuite hostname="Huruy" failures="0" tests="1" name="TestNgPackage.NewTest" time="0.009" errors="0" timestamp="2024-03-10T09:20:29 EDT" skipped="0">
  <testcase classname="TestNgPackage.NewTest" name="f" time="0.009"/>
  <system-out/>
</testsuite> <!-- TestNgPackage.NewTest -->
